<?xml version="1.0" encoding="UTF-8"?>
<testng-results skipped="0" failed="0" ignored="0" total="1" passed="1">
  <reporter-output>
  </reporter-output>
  <suite name="Default suite" duration-ms="2163" started-at="2020-01-30T15:38:14 IST" finished-at="2020-01-30T15:38:16 IST">
    <groups>
    </groups>
    <test name="Default test" duration-ms="2163" started-at="2020-01-30T15:38:14 IST" finished-at="2020-01-30T15:38:16 IST">
      <class name="MainPOJO.MainClassJiraApi">
        <test-method status="PASS" signature="getdata()[pri:0, instance:MainPOJO.MainClassJiraApi@58c1670b]" name="getdata" is-config="true" duration-ms="281" started-at="2020-01-30T15:38:14 IST" finished-at="2020-01-30T15:38:14 IST">
          <reporter-output>
          </reporter-output>
        </test-method> <!-- getdata -->
        <test-method status="PASS" signature="getallData()[pri:0, instance:MainPOJO.MainClassJiraApi@58c1670b]" name="getallData" duration-ms="1850" started-at="2020-01-30T15:38:14 IST" finished-at="2020-01-30T15:38:16 IST">
          <reporter-output>
          </reporter-output>
        </test-method> <!-- getallData -->
      </class> <!-- MainPOJO.MainClassJiraApi -->
    </test> <!-- Default test -->
  </suite> <!-- Default suite -->
</testng-results>
